{
  "RSpec": {
    "coverage": {
      "/Users/mac/Desktop/MakersProjects/Weekly_Challenges/Week3/Battles_Jose/battle/spec/features/attack_player_spec.rb": [
        1,
        1,
        1,
        1,
        0,
        null,
        null
      ],
      "/Users/mac/Desktop/MakersProjects/Weekly_Challenges/Week3/Battles_Jose/battle/spec/features/enter_names_spec.rb": [
        1,
        1,
        1,
        1,
        null,
        null
      ],
      "/Users/mac/Desktop/MakersProjects/Weekly_Challenges/Week3/Battles_Jose/battle/spec/features/feature_spec.rb": [
        null,
        null,
        null,
        null,
        null,
        null,
        null,
        null,
        null,
        null,
        null
      ],
      "/Users/mac/Desktop/MakersProjects/Weekly_Challenges/Week3/Battles_Jose/battle/spec/features/inflct_damage_spec.rb": [
        1,
        1,
        1,
        1,
        0,
        0,
        null,
        null
      ],
      "/Users/mac/Desktop/MakersProjects/Weekly_Challenges/Week3/Battles_Jose/battle/spec/features/view_HP_spec.rb": [
        1,
        1,
        1,
        1,
        null,
        null
      ],
      "/Users/mac/Desktop/MakersProjects/Weekly_Challenges/Week3/Battles_Jose/battle/spec/player_spec.rb": [
        1,
        null,
        1,
        null,
        2,
        null,
        1,
        1,
        null,
        null
      ]
    },
    "timestamp": 1555601552
  }
}
